\BOOKMARK [0][-]{chapter*.1}{HALAMAN PENGESAHAN}{}% 1
\BOOKMARK [0][-]{chapter*.2}{KATA PENGANTAR}{}% 2
\BOOKMARK [0][-]{chapter*.3}{DAFTAR ISI}{}% 3
\BOOKMARK [0][-]{chapter*.4}{DAFTAR TABEL}{}% 4
\BOOKMARK [0][-]{chapter*.5}{DAFTAR GAMBAR}{}% 5
\BOOKMARK [0][-]{chapter*.6}{Abstrak}{}% 6
\BOOKMARK [0][-]{chapter*.7}{Abstract}{}% 7
\BOOKMARK [0][-]{chapter.1}{PENDAHULUAN}{}% 8
\BOOKMARK [1][-]{section.1.1}{Latar Belakang Masalah}{chapter.1}% 9
\BOOKMARK [1][-]{section.1.2}{Tujuan Penelitian}{chapter.1}% 10
\BOOKMARK [2][-]{subsection.1.2.1}{Secara Umum}{section.1.2}% 11
\BOOKMARK [2][-]{subsection.1.2.2}{Tujuan Khusus}{section.1.2}% 12
\BOOKMARK [1][-]{section.1.3}{Batasan Penelitian}{chapter.1}% 13
\BOOKMARK [1][-]{section.1.4}{Metode Kerja Praktik}{chapter.1}% 14
\BOOKMARK [1][-]{section.1.5}{Sistematika Penulisan}{chapter.1}% 15
\BOOKMARK [0][-]{chapter.2}{LANDASAN TEORI}{}% 16
\BOOKMARK [1][-]{section.2.1}{Gambaran Umum Robot Lengan}{chapter.2}% 17
\BOOKMARK [2][-]{subsection.2.1.1}{Degress of Freedom }{section.2.1}% 18
\BOOKMARK [2][-]{subsection.2.1.2}{Konfigurasi Robot Lengan}{section.2.1}% 19
\BOOKMARK [2][-]{subsection.2.1.3}{ Wrist dan End-effector }{section.2.1}% 20
\BOOKMARK [1][-]{section.2.2}{Kinematika}{chapter.2}% 21
\BOOKMARK [2][-]{subsection.2.2.1}{Kinematika Maju}{section.2.2}% 22
\BOOKMARK [2][-]{subsection.2.2.2}{Kinematika Balik}{section.2.2}% 23
\BOOKMARK [1][-]{section.2.3}{Motor DC}{chapter.2}% 24
\BOOKMARK [1][-]{section.2.4}{Regulator}{chapter.2}% 25
\BOOKMARK [1][-]{section.2.5}{Arduino Mega 2560}{chapter.2}% 26
\BOOKMARK [1][-]{section.2.6}{Driver Motor H-Bridge EMS 30A}{chapter.2}% 27
\BOOKMARK [1][-]{section.2.7}{Processing Integrated Development Environment \(IDE\)}{chapter.2}% 28
\BOOKMARK [2][-]{subsection.2.7.1}{Syntax dalam Processing IDE }{section.2.7}% 29
\BOOKMARK [2][-]{subsection.2.7.2}{ Library untuk Processing IDE }{section.2.7}% 30
\BOOKMARK [0][-]{chapter.3}{PERANCANGAN SISTEM}{}% 31
\BOOKMARK [1][-]{section.3.1}{ Diagram Blok Sistem }{chapter.3}% 32
\BOOKMARK [1][-]{section.3.2}{ Perancangan Perangkat Keras }{chapter.3}% 33
\BOOKMARK [2][-]{subsection.3.2.1}{ Sistem Mekanis }{section.3.2}% 34
\BOOKMARK [2][-]{subsection.3.2.2}{Rangkaian Elektronika}{section.3.2}% 35
\BOOKMARK [1][-]{section.3.3}{Perancangan Perangkat Lunak}{chapter.3}% 36
\BOOKMARK [2][-]{subsection.3.3.1}{ControlP5}{section.3.3}% 37
\BOOKMARK [2][-]{subsection.3.3.2}{Shape}{section.3.3}% 38
\BOOKMARK [1][-]{section.3.4}{Sistem Kinematika}{chapter.3}% 39
\BOOKMARK [2][-]{subsection.3.4.1}{Prinsip Kerja Kinematika Maju}{section.3.4}% 40
\BOOKMARK [2][-]{subsection.3.4.2}{Prinsip Kerja Kinematika Balik}{section.3.4}% 41
\BOOKMARK [1][-]{section.3.5}{Perancangan Sistem Keseluruhan}{chapter.3}% 42
\BOOKMARK [0][-]{chapter.4}{PENGUJIAN DAN PEMBAHASAN}{}% 43
\BOOKMARK [1][-]{section.4.1}{Pengujian Fungsional}{chapter.4}% 44
\BOOKMARK [2][-]{subsection.4.1.1}{Pengujian DC - to - DC Converter}{section.4.1}% 45
\BOOKMARK [2][-]{subsection.4.1.2}{Pengujian Motor DC}{section.4.1}% 46
\BOOKMARK [2][-]{subsection.4.1.3}{Pengujian Driver Motor H \205 Bridge}{section.4.1}% 47
\BOOKMARK [2][-]{subsection.4.1.4}{Pengujian Nilai Analog Potensiometer}{section.4.1}% 48
\BOOKMARK [2][-]{subsection.4.1.5}{Pengujian Rangkaian Switching Valve Pneumatic}{section.4.1}% 49
\BOOKMARK [2][-]{subsection.4.1.6}{Pengujian Kinematika Balik}{section.4.1}% 50
\BOOKMARK [1][-]{section.4.2}{Pengujian Keseluruhan}{chapter.4}% 51
\BOOKMARK [2][-]{subsection.4.2.1}{Pengujian Akurasi Robot Lengan}{section.4.2}% 52
\BOOKMARK [1][-]{section.4.3}{Pengujian Kendali Proposional}{chapter.4}% 53
\BOOKMARK [1][-]{section.4.4}{Pengujian Simulasi Robot Lengan}{chapter.4}% 54
\BOOKMARK [0][-]{chapter.5}{PENUTUP}{}% 55
\BOOKMARK [1][-]{section.5.1}{Kesimpulan}{chapter.5}% 56
\BOOKMARK [1][-]{section.5.2}{Saran}{chapter.5}% 57
\BOOKMARK [0][-]{chapter*.72}{DAFTAR PUSTAKA}{}% 58
